Vivado Simulator 2015.2
Copyright 1986-1999, 2001-2015 Xilinx, Inc. All Rights Reserved.
Running: /opt/Xilinx/Vivado/2015.2/bin/unwrapped/lnx64.o/xelab -wto 25f00b44d6634be8835b3aff479053c1 --debug typical --relax --mt 8 -L xil_defaultlib -L unisims_ver -L secureip --snapshot mouse_test_func_impl xil_defaultlib.mouse_test xil_defaultlib.glbl -log elaborate.log 
Using 8 slave threads.
Starting static elaboration
Completed static elaboration
Starting simulation data flow analysis
Completed simulation data flow analysis
Time Resolution for simulation is 1ps
Compiling module unisims_ver.PULLUP
Compiling module unisims_ver.BUFG
Compiling module unisims_ver.IBUF
Compiling module unisims_ver.IOBUF
Compiling module unisims_ver.OBUF
Compiling module unisims_ver.sffsrce_fdre
Compiling module unisims_ver.FDRE
Compiling module xil_defaultlib.LEDs
Compiling module unisims_ver.LUT4
Compiling module unisims_ver.LUT6
Compiling module unisims_ver.LUT5
Compiling module unisims_ver.x_lut3_mux4
Compiling module unisims_ver.x_lut3_mux4_reduced_0
Compiling module unisims_ver.LUT3
Compiling module unisims_ver.CARRY4
Compiling module xil_defaultlib.ALU
Compiling module unisims_ver.sffsrce_fdse
Compiling module unisims_ver.FDSE
Compiling module unisims_ver.MUXF7
Compiling module unisims_ver.x_lut1_mux2
Compiling module unisims_ver.LUT1
Compiling module unisims_ver.x_lut2_mux4
Compiling module unisims_ver.LUT2
Compiling module unisims_ver.MUXF8
Compiling module xil_defaultlib.Processor
Compiling module unisims_ver.RB18_INTERNAL_VLOG(DOA_REG=0,DOB...
Compiling module unisims_ver.RAMB18E1(INIT_00=256'b011111111,...
Compiling module xil_defaultlib.RAM
Compiling module xil_defaultlib.ROM
Compiling module xil_defaultlib.Timer
Compiling module xil_defaultlib.Mouse_Data
Compiling module xil_defaultlib.Data_Reporting_Mode
Compiling module xil_defaultlib.Microsoft_Mode
Compiling module xil_defaultlib.Read_Remote_Data
Compiling module xil_defaultlib.Remote_Mode
Compiling module xil_defaultlib.Reset_Mouse
Compiling module xil_defaultlib.MouseMasterSM
Compiling module xil_defaultlib.MouseReceiver
Compiling module xil_defaultlib.MouseTransmitter
Compiling module xil_defaultlib.Transceiver
Compiling module xil_defaultlib.MouseWrapper
Compiling module xil_defaultlib.MouseBusInterface
Compiling module xil_defaultlib.Processor_wrapper
Compiling module xil_defaultlib.mouse_test
Compiling module xil_defaultlib.glbl
Built simulation snapshot mouse_test_func_impl
